<?xml version="1.0" encoding="UTF-8"?>
<!-- Generated by org.testng.reporters.JUnitReportReporter -->
<testsuite skipped="0" hostname="0bb3d00c740e" name="com.SearchPage.Tests.SearchTest" tests="4" failures="0" timestamp="28 Jun 2020 05:23:48 GMT" time="40.788" errors="0">
  <testcase name="search" time="10.141" classname="com.SearchPage.Tests.SearchTest"/>
  <testcase name="search" time="11.049" classname="com.SearchPage.Tests.SearchTest"/>
  <testcase name="search" time="8.470" classname="com.SearchPage.Tests.SearchTest"/>
  <testcase name="search" time="11.128" classname="com.SearchPage.Tests.SearchTest"/>
</testsuite> <!-- com.SearchPage.Tests.SearchTest -->
